0 info it worked if it ends with ok
1 verbose cli [ 'C:\\Program Files\\nodejs\\node.exe',
1 verbose cli   'C:\\Program Files\\nodejs\\node_modules\\npm\\bin\\npm-cli.js',
1 verbose cli   'install',
1 verbose cli   'babel-pollyfill' ]
2 info using npm@3.10.8
3 info using node@v6.9.1
4 silly loadCurrentTree Starting
5 silly install loadCurrentTree
6 silly install readLocalPackageData
7 silly fetchPackageMetaData babel-pollyfill
8 silly fetchNamedPackageData babel-pollyfill
9 silly mapToRegistry name babel-pollyfill
10 silly mapToRegistry using default registry
11 silly mapToRegistry registry http://localhost:4873/
12 silly mapToRegistry data Result {
12 silly mapToRegistry   raw: 'babel-pollyfill',
12 silly mapToRegistry   scope: null,
12 silly mapToRegistry   escapedName: 'babel-pollyfill',
12 silly mapToRegistry   name: 'babel-pollyfill',
12 silly mapToRegistry   rawSpec: '',
12 silly mapToRegistry   spec: 'latest',
12 silly mapToRegistry   type: 'tag' }
13 silly mapToRegistry uri http://localhost:4873/babel-pollyfill
14 verbose request uri http://localhost:4873/babel-pollyfill
15 verbose request no auth needed
16 info attempt registry request try #1 at 10:38:38
17 verbose request id 41987c5d955237cc
18 http request GET http://localhost:4873/babel-pollyfill
19 http 404 http://localhost:4873/babel-pollyfill
20 verbose headers { 'x-powered-by': 'Sinopia/1.4.0',
20 verbose headers   'content-type': 'application/json; charset=utf-8',
20 verbose headers   'content-length': '43',
20 verbose headers   etag: 'W/"2b-qLjXXPpa5cmKw8bM3gatrZVKHm8"',
20 verbose headers   vary: 'Accept-Encoding',
20 verbose headers   'x-status-cat': 'http://flic.kr/p/aV6juR',
20 verbose headers   date: 'Fri, 13 Oct 2017 02:38:38 GMT',
20 verbose headers   connection: 'keep-alive' }
21 silly get cb [ 404,
21 silly get   { 'x-powered-by': 'Sinopia/1.4.0',
21 silly get     'content-type': 'application/json; charset=utf-8',
21 silly get     'content-length': '43',
21 silly get     etag: 'W/"2b-qLjXXPpa5cmKw8bM3gatrZVKHm8"',
21 silly get     vary: 'Accept-Encoding',
21 silly get     'x-status-cat': 'http://flic.kr/p/aV6juR',
21 silly get     date: 'Fri, 13 Oct 2017 02:38:38 GMT',
21 silly get     connection: 'keep-alive' } ]
22 silly fetchPackageMetaData Error: no such package available : babel-pollyfill
22 silly fetchPackageMetaData     at makeError (C:\Program Files\nodejs\node_modules\npm\node_modules\npm-registry-client\lib\request.js:302:12)
22 silly fetchPackageMetaData     at CachingRegistryClient.<anonymous> (C:\Program Files\nodejs\node_modules\npm\node_modules\npm-registry-client\lib\request.js:290:14)
22 silly fetchPackageMetaData     at Request._callback (C:\Program Files\nodejs\node_modules\npm\node_modules\npm-registry-client\lib\request.js:210:14)
22 silly fetchPackageMetaData     at Request.self.callback (C:\Program Files\nodejs\node_modules\npm\node_modules\request\request.js:187:22)
22 silly fetchPackageMetaData     at emitTwo (events.js:106:13)
22 silly fetchPackageMetaData     at Request.emit (events.js:191:7)
22 silly fetchPackageMetaData     at Request.<anonymous> (C:\Program Files\nodejs\node_modules\npm\node_modules\request\request.js:1044:10)
22 silly fetchPackageMetaData     at emitOne (events.js:96:13)
22 silly fetchPackageMetaData     at Request.emit (events.js:188:7)
22 silly fetchPackageMetaData     at IncomingMessage.<anonymous> (C:\Program Files\nodejs\node_modules\npm\node_modules\request\request.js:965:12)
22 silly fetchPackageMetaData  error for babel-pollyfill { Error: no such package available : babel-pollyfill
22 silly fetchPackageMetaData     at makeError (C:\Program Files\nodejs\node_modules\npm\node_modules\npm-registry-client\lib\request.js:302:12)
22 silly fetchPackageMetaData     at CachingRegistryClient.<anonymous> (C:\Program Files\nodejs\node_modules\npm\node_modules\npm-registry-client\lib\request.js:290:14)
22 silly fetchPackageMetaData     at Request._callback (C:\Program Files\nodejs\node_modules\npm\node_modules\npm-registry-client\lib\request.js:210:14)
22 silly fetchPackageMetaData     at Request.self.callback (C:\Program Files\nodejs\node_modules\npm\node_modules\request\request.js:187:22)
22 silly fetchPackageMetaData     at emitTwo (events.js:106:13)
22 silly fetchPackageMetaData     at Request.emit (events.js:191:7)
22 silly fetchPackageMetaData     at Request.<anonymous> (C:\Program Files\nodejs\node_modules\npm\node_modules\request\request.js:1044:10)
22 silly fetchPackageMetaData     at emitOne (events.js:96:13)
22 silly fetchPackageMetaData     at Request.emit (events.js:188:7)
22 silly fetchPackageMetaData     at IncomingMessage.<anonymous> (C:\Program Files\nodejs\node_modules\npm\node_modules\request\request.js:965:12) pkgid: 'babel-pollyfill', statusCode: 404, code: 'E404' }
23 silly rollbackFailedOptional Starting
24 silly rollbackFailedOptional Finishing
25 silly runTopLevelLifecycles Finishing
26 silly install printInstalled
27 verbose stack Error: no such package available : babel-pollyfill
27 verbose stack     at makeError (C:\Program Files\nodejs\node_modules\npm\node_modules\npm-registry-client\lib\request.js:302:12)
27 verbose stack     at CachingRegistryClient.<anonymous> (C:\Program Files\nodejs\node_modules\npm\node_modules\npm-registry-client\lib\request.js:290:14)
27 verbose stack     at Request._callback (C:\Program Files\nodejs\node_modules\npm\node_modules\npm-registry-client\lib\request.js:210:14)
27 verbose stack     at Request.self.callback (C:\Program Files\nodejs\node_modules\npm\node_modules\request\request.js:187:22)
27 verbose stack     at emitTwo (events.js:106:13)
27 verbose stack     at Request.emit (events.js:191:7)
27 verbose stack     at Request.<anonymous> (C:\Program Files\nodejs\node_modules\npm\node_modules\request\request.js:1044:10)
27 verbose stack     at emitOne (events.js:96:13)
27 verbose stack     at Request.emit (events.js:188:7)
27 verbose stack     at IncomingMessage.<anonymous> (C:\Program Files\nodejs\node_modules\npm\node_modules\request\request.js:965:12)
28 verbose statusCode 404
29 verbose pkgid babel-pollyfill
30 verbose cwd F:\projects\exam\db
31 error Windows_NT 10.0.10240
32 error argv "C:\\Program Files\\nodejs\\node.exe" "C:\\Program Files\\nodejs\\node_modules\\npm\\bin\\npm-cli.js" "install" "babel-pollyfill"
33 error node v6.9.1
34 error npm  v3.10.8
35 error code E404
36 error 404 no such package available : babel-pollyfill
37 error 404
38 error 404 'babel-pollyfill' is not in the npm registry.
39 error 404 You should bug the author to publish it (or use the name yourself!)
40 error 404 Note that you can also install from a
41 error 404 tarball, folder, http url, or git url.
42 verbose exit [ 1, true ]
